Temporal CLI 1.6.2 (Server 1.30.2, UI 2.45.3)

Temporal Server:  localhost:7233
Temporal UI:      http://localhost:8233
Temporal Metrics: http://localhost:46613/metrics
time=2026-04-10T11:57:18.090 level=ERROR msg="Operation failed with internal error." error="UpdateTaskQueue failed. Failed to start transaction. Error: context canceled" error-type=serviceerror.Unavailable operation=UpdateTaskQueue
time=2026-04-10T11:57:18.090 level=ERROR msg="Persistent store operation failure" component=matching-engine wf-task-queue-name=/_sys/dataset-converter/3 wf-task-queue-type=Workflow wf-namespace=default worker-version=_unversioned_ backlog=classic store-operation=update-task-queue error="UpdateTaskQueue failed. Failed to start transaction. Error: context canceled"
time=2026-04-10T12:04:17.863 level=ERROR msg="Operation failed with internal error." error="UpdateTaskQueue failed. Failed to start transaction. Error: context canceled" error-type=serviceerror.Unavailable operation=UpdateTaskQueue
time=2026-04-10T12:04:17.865 level=ERROR msg="Persistent store operation failure" component=matching-engine wf-task-queue-name=/_sys/default-worker-tq/2 wf-task-queue-type=Workflow wf-namespace=temporal-system worker-version=_unversioned_ backlog=classic store-operation=update-task-queue error="UpdateTaskQueue failed. Failed to start transaction. Error: context canceled"
time=2026-04-10T12:16:17.904 level=ERROR msg="Operation failed with internal error." error="UpdateTaskQueue failed. Failed to start transaction. Error: context canceled" error-type=serviceerror.Unavailable operation=UpdateTaskQueue
time=2026-04-10T12:16:17.905 level=ERROR msg="Persistent store operation failure" component=matching-engine wf-task-queue-name=/_sys/temporal-sys-dlq-activity-tq/1 wf-task-queue-type=Activity wf-namespace=temporal-system worker-version=_unversioned_ backlog=classic store-operation=update-task-queue error="UpdateTaskQueue failed. Failed to start transaction. Error: context canceled"
time=2026-04-10T12:57:17.966 level=ERROR msg="Operation failed with internal error." error="UpdateTaskQueue failed. Failed to start transaction. Error: context canceled" error-type=serviceerror.Unavailable operation=UpdateTaskQueue
time=2026-04-10T12:57:17.966 level=ERROR msg="Persistent store operation failure" component=matching-engine wf-task-queue-name=/_sys/default-worker-tq/2 wf-task-queue-type=Workflow wf-namespace=temporal-system worker-version=_unversioned_ backlog=classic store-operation=update-task-queue error="UpdateTaskQueue failed. Failed to start transaction. Error: context canceled"
time=2026-04-10T14:00:18.081 level=ERROR msg="Operation failed with internal error." error="UpdateTaskQueue failed. Failed to start transaction. Error: context canceled" error-type=serviceerror.Unavailable operation=UpdateTaskQueue
time=2026-04-10T14:00:18.082 level=ERROR msg="Persistent store operation failure" component=matching-engine wf-task-queue-name=/_sys/default-worker-tq/2 wf-task-queue-type=Workflow wf-namespace=temporal-system worker-version=_unversioned_ backlog=classic store-operation=update-task-queue error="UpdateTaskQueue failed. Failed to start transaction. Error: context canceled"
time=2026-04-10T14:05:11.302 level=ERROR msg="Operation failed with internal error." error="UpdateTaskQueue failed. Failed to start transaction. Error: context canceled" error-type=serviceerror.Unavailable operation=UpdateTaskQueue
time=2026-04-10T14:05:11.302 level=ERROR msg="Persistent store operation failure" component=matching-engine wf-task-queue-name=/_sys/dataset-converter/2 wf-task-queue-type=Workflow wf-namespace=default worker-version=_unversioned_ backlog=classic store-operation=update-task-queue error="UpdateTaskQueue failed. Failed to start transaction. Error: context canceled"
time=2026-04-10T14:41:11.378 level=ERROR msg="Operation failed with internal error." error="UpdateTaskQueue failed. Failed to start transaction. Error: context canceled" error-type=serviceerror.Unavailable operation=UpdateTaskQueue
time=2026-04-10T14:41:11.378 level=ERROR msg="Persistent store operation failure" component=matching-engine wf-task-queue-name=/_sys/dataset-converter/3 wf-task-queue-type=Workflow wf-namespace=default worker-version=_unversioned_ backlog=classic store-operation=update-task-queue error="UpdateTaskQueue failed. Failed to start transaction. Error: context canceled"
time=2026-04-10T15:40:18.246 level=ERROR msg="Operation failed with internal error." error="UpdateTaskQueue failed. Failed to start transaction. Error: context canceled" error-type=serviceerror.Unavailable operation=UpdateTaskQueue
time=2026-04-10T15:40:18.246 level=ERROR msg="Persistent store operation failure" component=matching-engine wf-task-queue-name=/_sys/default-worker-tq/1 wf-task-queue-type=Workflow wf-namespace=temporal-system worker-version=_unversioned_ backlog=classic store-operation=update-task-queue error="UpdateTaskQueue failed. Failed to start transaction. Error: context canceled"
time=2026-04-10T16:41:18.356 level=ERROR msg="Operation failed with internal error." error="UpdateTaskQueue failed. Failed to start transaction. Error: context canceled" error-type=serviceerror.Unavailable operation=UpdateTaskQueue
time=2026-04-10T16:41:18.356 level=ERROR msg="Persistent store operation failure" component=matching-engine wf-task-queue-name=/_sys/default-worker-tq/1 wf-task-queue-type=Workflow wf-namespace=temporal-system worker-version=_unversioned_ backlog=classic store-operation=update-task-queue error="UpdateTaskQueue failed. Failed to start transaction. Error: context canceled"
time=2026-04-10T17:16:11.676 level=ERROR msg="Operation failed with internal error." error="UpdateTaskQueue failed. Failed to start transaction. Error: context canceled" error-type=serviceerror.Unavailable operation=UpdateTaskQueue
time=2026-04-10T17:16:11.677 level=ERROR msg="Persistent store operation failure" component=matching-engine wf-task-queue-name=/_sys/dataset-converter/2 wf-task-queue-type=Workflow wf-namespace=default worker-version=_unversioned_ backlog=classic store-operation=update-task-queue error="UpdateTaskQueue failed. Failed to start transaction. Error: context canceled"
time=2026-04-10T17:32:18.437 level=ERROR msg="Operation failed with internal error." error="UpdateTaskQueue failed. Failed to start transaction. Error: context canceled" error-type=serviceerror.Unavailable operation=UpdateTaskQueue
time=2026-04-10T17:32:18.437 level=ERROR msg="Persistent store operation failure" component=matching-engine wf-task-queue-name=/_sys/default-worker-tq/1 wf-task-queue-type=Workflow wf-namespace=temporal-system worker-version=_unversioned_ backlog=classic store-operation=update-task-queue error="UpdateTaskQueue failed. Failed to start transaction. Error: context canceled"
time=2026-04-10T20:23:12.653 level=ERROR msg="Operation failed with internal error." error="UpdateTaskQueue failed. Failed to start transaction. Error: context canceled" error-type=serviceerror.Unavailable operation=UpdateTaskQueue
time=2026-04-10T20:23:12.654 level=ERROR msg="Persistent store operation failure" component=matching-engine wf-task-queue-name=/_sys/dataset-converter/2 wf-task-queue-type=Workflow wf-namespace=default worker-version=_unversioned_ backlog=classic store-operation=update-task-queue error="UpdateTaskQueue failed. Failed to start transaction. Error: context canceled"
time=2026-04-10T21:37:18.861 level=ERROR msg="Operation failed with internal error." error="UpdateTaskQueue failed. Failed to start transaction. Error: context canceled" error-type=serviceerror.Unavailable operation=UpdateTaskQueue
time=2026-04-10T21:37:18.861 level=ERROR msg="Persistent store operation failure" component=matching-engine wf-task-queue-name=/_sys/default-worker-tq/2 wf-task-queue-type=Workflow wf-namespace=temporal-system worker-version=_unversioned_ backlog=classic store-operation=update-task-queue error="UpdateTaskQueue failed. Failed to start transaction. Error: context canceled"
time=2026-04-10T21:46:18.875 level=ERROR msg="Operation failed with internal error." error="UpdateTaskQueue failed. Failed to start transaction. Error: context canceled" error-type=serviceerror.Unavailable operation=UpdateTaskQueue
time=2026-04-10T21:46:18.875 level=ERROR msg="Persistent store operation failure" component=matching-engine wf-task-queue-name=/_sys/default-worker-tq/1 wf-task-queue-type=Workflow wf-namespace=temporal-system worker-version=_unversioned_ backlog=classic store-operation=update-task-queue error="UpdateTaskQueue failed. Failed to start transaction. Error: context canceled"
time=2026-04-10T22:38:13.525 level=ERROR msg="Operation failed with internal error." error="UpdateTaskQueue failed. Failed to start transaction. Error: context canceled" error-type=serviceerror.Unavailable operation=UpdateTaskQueue
time=2026-04-10T22:38:13.525 level=ERROR msg="Persistent store operation failure" component=matching-engine wf-task-queue-name=/_sys/dataset-converter/2 wf-task-queue-type=Workflow wf-namespace=default worker-version=_unversioned_ backlog=classic store-operation=update-task-queue error="UpdateTaskQueue failed. Failed to start transaction. Error: context canceled"
time=2026-04-10T22:48:13.545 level=ERROR msg="Operation failed with internal error." error="UpdateTaskQueue failed. Failed to start transaction. Error: context canceled" error-type=serviceerror.Unavailable operation=UpdateTaskQueue
time=2026-04-10T22:48:13.545 level=ERROR msg="Persistent store operation failure" component=matching-engine wf-task-queue-name=/_sys/dataset-converter/2 wf-task-queue-type=Workflow wf-namespace=default worker-version=_unversioned_ backlog=classic store-operation=update-task-queue error="UpdateTaskQueue failed. Failed to start transaction. Error: context canceled"
time=2026-04-10T23:21:19.062 level=ERROR msg="Operation failed with internal error." error="UpdateTaskQueue failed. Failed to start transaction. Error: context canceled" error-type=serviceerror.Unavailable operation=UpdateTaskQueue
time=2026-04-10T23:21:19.062 level=ERROR msg="Persistent store operation failure" component=matching-engine wf-task-queue-name=/_sys/default-worker-tq/2 wf-task-queue-type=Workflow wf-namespace=temporal-system worker-version=_unversioned_ backlog=classic store-operation=update-task-queue error="UpdateTaskQueue failed. Failed to start transaction. Error: context canceled"
time=2026-04-11T01:34:19.328 level=ERROR msg="Operation failed with internal error." error="UpdateTaskQueue failed. Failed to start transaction. Error: context canceled" error-type=serviceerror.Unavailable operation=UpdateTaskQueue
time=2026-04-11T01:34:19.328 level=ERROR msg="Persistent store operation failure" component=matching-engine wf-task-queue-name=/_sys/default-worker-tq/2 wf-task-queue-type=Workflow wf-namespace=temporal-system worker-version=_unversioned_ backlog=classic store-operation=update-task-queue error="UpdateTaskQueue failed. Failed to start transaction. Error: context canceled"
time=2026-04-11T01:54:19.366 level=ERROR msg="Operation failed with internal error." error="UpdateTaskQueue failed. Failed to start transaction. Error: context canceled" error-type=serviceerror.Unavailable operation=UpdateTaskQueue
time=2026-04-11T01:54:19.366 level=ERROR msg="Persistent store operation failure" component=matching-engine wf-task-queue-name=/_sys/default-worker-tq/1 wf-task-queue-type=Workflow wf-namespace=temporal-system worker-version=_unversioned_ backlog=classic store-operation=update-task-queue error="UpdateTaskQueue failed. Failed to start transaction. Error: context canceled"
time=2026-04-11T02:37:19.446 level=ERROR msg="Operation failed with internal error." error="UpdateTaskQueue failed. Failed to start transaction. Error: context canceled" error-type=serviceerror.Unavailable operation=UpdateTaskQueue
time=2026-04-11T02:37:19.446 level=ERROR msg="Persistent store operation failure" component=matching-engine wf-task-queue-name=/_sys/default-worker-tq/1 wf-task-queue-type=Workflow wf-namespace=temporal-system worker-version=_unversioned_ backlog=classic store-operation=update-task-queue error="UpdateTaskQueue failed. Failed to start transaction. Error: context canceled"
time=2026-04-11T03:08:19.514 level=ERROR msg="Operation failed with internal error." error="UpdateTaskQueue failed. Failed to start transaction. Error: context canceled" error-type=serviceerror.Unavailable operation=UpdateTaskQueue
time=2026-04-11T03:08:19.516 level=ERROR msg="Persistent store operation failure" component=matching-engine wf-task-queue-name=/_sys/default-worker-tq/2 wf-task-queue-type=Workflow wf-namespace=temporal-system worker-version=_unversioned_ backlog=classic store-operation=update-task-queue error="UpdateTaskQueue failed. Failed to start transaction. Error: context canceled"
time=2026-04-11T04:02:19.620 level=ERROR msg="Operation failed with internal error." error="UpdateTaskQueue failed. Failed to start transaction. Error: context canceled" error-type=serviceerror.Unavailable operation=UpdateTaskQueue
time=2026-04-11T04:02:19.620 level=ERROR msg="Persistent store operation failure" component=matching-engine wf-task-queue-name=/_sys/default-worker-tq/2 wf-task-queue-type=Workflow wf-namespace=temporal-system worker-version=_unversioned_ backlog=classic store-operation=update-task-queue error="UpdateTaskQueue failed. Failed to start transaction. Error: context canceled"
time=2026-04-11T04:12:19.711 level=ERROR msg="Operation failed with internal error." error="UpdateTaskQueue failed. Failed to start transaction. Error: context canceled" error-type=serviceerror.Unavailable operation=UpdateTaskQueue
time=2026-04-11T04:12:19.713 level=ERROR msg="Persistent store operation failure" component=matching-engine wf-task-queue-name=/_sys/default-worker-tq/3 wf-task-queue-type=Activity wf-namespace=temporal-system worker-version=_unversioned_ backlog=classic store-operation=update-task-queue error="UpdateTaskQueue failed. Failed to start transaction. Error: context canceled"
time=2026-04-11T05:27:19.775 level=ERROR msg="Persistent store operation failure" component=matching-engine wf-task-queue-name=/_sys/default-worker-tq/1 wf-task-queue-type=Workflow wf-namespace=temporal-system worker-version=_unversioned_ backlog=classic store-operation=update-task-queue error="context canceled"
time=2026-04-11T05:35:16.245 level=ERROR msg="Operation failed with internal error." error="UpdateTaskQueue failed. Failed to start transaction. Error: context canceled" error-type=serviceerror.Unavailable operation=UpdateTaskQueue
time=2026-04-11T05:35:16.245 level=ERROR msg="Persistent store operation failure" component=matching-engine wf-task-queue-name=/_sys/dataset-converter/2 wf-task-queue-type=Workflow wf-namespace=default worker-version=_unversioned_ backlog=classic store-operation=update-task-queue error="UpdateTaskQueue failed. Failed to start transaction. Error: context canceled"
time=2026-04-11T06:32:19.892 level=ERROR msg="Operation failed with internal error." error="UpdateTaskQueue failed. Failed to start transaction. Error: context canceled" error-type=serviceerror.Unavailable operation=UpdateTaskQueue
time=2026-04-11T06:32:19.892 level=ERROR msg="Persistent store operation failure" component=matching-engine wf-task-queue-name=/_sys/default-worker-tq/1 wf-task-queue-type=Workflow wf-namespace=temporal-system worker-version=_unversioned_ backlog=classic store-operation=update-task-queue error="UpdateTaskQueue failed. Failed to start transaction. Error: context canceled"
time=2026-04-11T07:07:16.814 level=ERROR msg="Operation failed with internal error." error="UpdateTaskQueue failed. Failed to start transaction. Error: context canceled" error-type=serviceerror.Unavailable operation=UpdateTaskQueue
time=2026-04-11T07:07:16.816 level=ERROR msg="Persistent store operation failure" component=matching-engine wf-task-queue-name=/_sys/dataset-converter/2 wf-task-queue-type=Workflow wf-namespace=default worker-version=_unversioned_ backlog=classic store-operation=update-task-queue error="UpdateTaskQueue failed. Failed to start transaction. Error: context canceled"
time=2026-04-11T09:16:20.183 level=ERROR msg="Operation failed with internal error." error="UpdateTaskQueue failed. Failed to start transaction. Error: context canceled" error-type=serviceerror.Unavailable operation=UpdateTaskQueue
time=2026-04-11T09:16:20.185 level=ERROR msg="Persistent store operation failure" component=matching-engine wf-task-queue-name=/_sys/default-worker-tq/1 wf-task-queue-type=Workflow wf-namespace=temporal-system worker-version=_unversioned_ backlog=classic store-operation=update-task-queue error="UpdateTaskQueue failed. Failed to start transaction. Error: context canceled"
time=2026-04-11T09:42:20.231 level=ERROR msg="Operation failed with internal error." error="UpdateTaskQueue failed. Failed to start transaction. Error: context canceled" error-type=serviceerror.Unavailable operation=UpdateTaskQueue
time=2026-04-11T09:42:20.231 level=ERROR msg="Persistent store operation failure" component=matching-engine wf-task-queue-name=/_sys/default-worker-tq/2 wf-task-queue-type=Workflow wf-namespace=temporal-system worker-version=_unversioned_ backlog=classic store-operation=update-task-queue error="UpdateTaskQueue failed. Failed to start transaction. Error: context canceled"
time=2026-04-11T10:49:20.371 level=ERROR msg="Operation failed with internal error." error="UpdateTaskQueue failed. Failed to start transaction. Error: context canceled" error-type=serviceerror.Unavailable operation=UpdateTaskQueue
time=2026-04-11T10:49:20.371 level=ERROR msg="Persistent store operation failure" component=matching-engine wf-task-queue-name=/_sys/default-worker-tq/1 wf-task-queue-type=Workflow wf-namespace=temporal-system worker-version=_unversioned_ backlog=classic store-operation=update-task-queue error="UpdateTaskQueue failed. Failed to start transaction. Error: context canceled"
time=2026-04-11T11:55:20.603 level=ERROR msg="Operation failed with internal error." error="UpdateTaskQueue failed. Failed to start transaction. Error: context canceled" error-type=serviceerror.Unavailable operation=UpdateTaskQueue
time=2026-04-11T11:55:20.603 level=ERROR msg="Persistent store operation failure" component=matching-engine wf-task-queue-name=/_sys/temporal-sys-dlq-activity-tq/2 wf-task-queue-type=Activity wf-namespace=temporal-system worker-version=_unversioned_ backlog=classic store-operation=update-task-queue error="UpdateTaskQueue failed. Failed to start transaction. Error: context canceled"
time=2026-04-11T13:08:19.216 level=ERROR msg="Operation failed with internal error." error="UpdateTaskQueue failed. Failed to start transaction. Error: context canceled" error-type=serviceerror.Unavailable operation=UpdateTaskQueue
time=2026-04-11T13:08:19.216 level=ERROR msg="Persistent store operation failure" component=matching-engine wf-task-queue-name=/_sys/dataset-converter/2 wf-task-queue-type=Workflow wf-namespace=default worker-version=_unversioned_ backlog=classic store-operation=update-task-queue error="UpdateTaskQueue failed. Failed to start transaction. Error: context canceled"
time=2026-04-11T13:19:20.634 level=ERROR msg="Operation failed with internal error." error="UpdateTaskQueue failed. Failed to start transaction. Error: context canceled" error-type=serviceerror.Unavailable operation=UpdateTaskQueue
time=2026-04-11T13:19:20.634 level=ERROR msg="Persistent store operation failure" component=matching-engine wf-task-queue-name=/_sys/default-worker-tq/1 wf-task-queue-type=Workflow wf-namespace=temporal-system worker-version=_unversioned_ backlog=classic store-operation=update-task-queue error="UpdateTaskQueue failed. Failed to start transaction. Error: context canceled"
time=2026-04-11T14:29:19.577 level=ERROR msg="Operation failed with internal error." error="UpdateTaskQueue failed. Failed to start transaction. Error: context canceled" error-type=serviceerror.Unavailable operation=UpdateTaskQueue
time=2026-04-11T14:29:19.577 level=ERROR msg="Persistent store operation failure" component=matching-engine wf-task-queue-name=/_sys/dataset-converter/3 wf-task-queue-type=Workflow wf-namespace=default worker-version=_unversioned_ backlog=classic store-operation=update-task-queue error="UpdateTaskQueue failed. Failed to start transaction. Error: context canceled"
time=2026-04-11T14:58:20.811 level=ERROR msg="Operation failed with internal error." error="UpdateTaskQueue failed. Failed to start transaction. Error: context canceled" error-type=serviceerror.Unavailable operation=UpdateTaskQueue
time=2026-04-11T14:58:20.811 level=ERROR msg="Persistent store operation failure" component=matching-engine wf-task-queue-name=/_sys/default-worker-tq/1 wf-task-queue-type=Workflow wf-namespace=temporal-system worker-version=_unversioned_ backlog=classic store-operation=update-task-queue error="UpdateTaskQueue failed. Failed to start transaction. Error: context canceled"
time=2026-04-11T15:25:20.859 level=ERROR msg="Operation failed with internal error." error="UpdateTaskQueue failed. Failed to start transaction. Error: context canceled" error-type=serviceerror.Unavailable operation=UpdateTaskQueue
time=2026-04-11T15:25:20.859 level=ERROR msg="Persistent store operation failure" component=matching-engine wf-task-queue-name=/_sys/default-worker-tq/1 wf-task-queue-type=Workflow wf-namespace=temporal-system worker-version=_unversioned_ backlog=classic store-operation=update-task-queue error="UpdateTaskQueue failed. Failed to start transaction. Error: context canceled"
time=2026-04-11T15:28:33.972 level=ERROR msg="Operation failed with internal error." error="UpdateTaskQueue failed. Failed to start transaction. Error: context canceled" error-type=serviceerror.Unavailable operation=UpdateTaskQueue
time=2026-04-11T15:28:33.972 level=ERROR msg="Persistent store operation failure" component=matching-engine wf-task-queue-name=/_sys/dataset-converter/1 wf-task-queue-type=Workflow wf-namespace=default worker-version=_unversioned_ backlog=classic store-operation=update-task-queue error="UpdateTaskQueue failed. Failed to start transaction. Error: context canceled"
time=2026-04-11T15:45:20.889 level=ERROR msg="Operation failed with internal error." error="UpdateTaskQueue failed. Failed to start transaction. Error: context canceled" error-type=serviceerror.Unavailable operation=UpdateTaskQueue
time=2026-04-11T15:45:20.889 level=ERROR msg="Persistent store operation failure" component=matching-engine wf-task-queue-name=/_sys/default-worker-tq/2 wf-task-queue-type=Workflow wf-namespace=temporal-system worker-version=_unversioned_ backlog=classic store-operation=update-task-queue error="UpdateTaskQueue failed. Failed to start transaction. Error: context canceled"
