warning: The `tool.uv.dev-dependencies` field (used in `pyproject.toml`) is deprecated and will be removed in a future release; use `dependency-groups.dev` instead
[worker] Connecting to Temporal at localhost:7233 …
[worker] Listening on task queue 'dataset-converter' — Ctrl-C to stop.
Completing activity as failed ({'activity_id': '1', 'activity_type': 'profile_dataset', 'attempt': 8, 'namespace': 'default', 'task_queue': 'dataset-converter', 'workflow_id': 'convert-ldjnr-puffin', 'workflow_run_id': '019d7250-0d39-7786-87d8-af0d063cd53f', 'workflow_type': 'DatasetSFTWorkflow'})
Traceback (most recent call last):
  File "/home/zenteiq/dataset_converter/.venv/lib/python3.13/site-packages/temporalio/worker/_activity.py", line 359, in _handle_start_activity_task
    result = await self._execute_activity(
             ^^^^^^^^^^^^^^^^^^^^^^^^^^^^^
        start, running_activity, task_token, data_converter
        ^^^^^^^^^^^^^^^^^^^^^^^^^^^^^^^^^^^^^^^^^^^^^^^^^^^
    )
    ^
  File "/home/zenteiq/dataset_converter/.venv/lib/python3.13/site-packages/temporalio/worker/_activity.py", line 714, in _execute_activity
    return await impl.execute_activity(input)
           ^^^^^^^^^^^^^^^^^^^^^^^^^^^^^^^^^^
  File "/home/zenteiq/dataset_converter/.venv/lib/python3.13/site-packages/temporalio/worker/_activity.py", line 904, in execute_activity
    return await loop.run_in_executor(input.executor, func, *args)
           ^^^^^^^^^^^^^^^^^^^^^^^^^^^^^^^^^^^^^^^^^^^^^^^^^^^^^^^
  File "/home/zenteiq/.local/share/uv/python/cpython-3.13.11-linux-x86_64-gnu/lib/python3.13/concurrent/futures/thread.py", line 59, in run
    result = self.fn(*self.args, **self.kwargs)
  File "/home/zenteiq/dataset_converter/.venv/lib/python3.13/site-packages/temporalio/worker/_activity.py", line 971, in _execute_sync_activity
    return fn(*args)
  File "/home/zenteiq/dataset_converter/think.py", line 180, in profile_dataset
    raise FileNotFoundError(f"Input file not found: {local_path}")
FileNotFoundError: Input file not found: data/puffin.parquet
Completing activity as failed ({'activity_id': '1', 'activity_type': 'profile_dataset', 'attempt': 9, 'namespace': 'default', 'task_queue': 'dataset-converter', 'workflow_id': 'convert-ldjnr-puffin', 'workflow_run_id': '019d7250-0d39-7786-87d8-af0d063cd53f', 'workflow_type': 'DatasetSFTWorkflow'})
Traceback (most recent call last):
  File "/home/zenteiq/dataset_converter/.venv/lib/python3.13/site-packages/temporalio/worker/_activity.py", line 359, in _handle_start_activity_task
    result = await self._execute_activity(
             ^^^^^^^^^^^^^^^^^^^^^^^^^^^^^
        start, running_activity, task_token, data_converter
        ^^^^^^^^^^^^^^^^^^^^^^^^^^^^^^^^^^^^^^^^^^^^^^^^^^^
    )
    ^
  File "/home/zenteiq/dataset_converter/.venv/lib/python3.13/site-packages/temporalio/worker/_activity.py", line 714, in _execute_activity
    return await impl.execute_activity(input)
           ^^^^^^^^^^^^^^^^^^^^^^^^^^^^^^^^^^
  File "/home/zenteiq/dataset_converter/.venv/lib/python3.13/site-packages/temporalio/worker/_activity.py", line 904, in execute_activity
    return await loop.run_in_executor(input.executor, func, *args)
           ^^^^^^^^^^^^^^^^^^^^^^^^^^^^^^^^^^^^^^^^^^^^^^^^^^^^^^^
  File "/home/zenteiq/.local/share/uv/python/cpython-3.13.11-linux-x86_64-gnu/lib/python3.13/concurrent/futures/thread.py", line 59, in run
    result = self.fn(*self.args, **self.kwargs)
  File "/home/zenteiq/dataset_converter/.venv/lib/python3.13/site-packages/temporalio/worker/_activity.py", line 971, in _execute_sync_activity
    return fn(*args)
  File "/home/zenteiq/dataset_converter/think.py", line 180, in profile_dataset
    raise FileNotFoundError(f"Input file not found: {local_path}")
FileNotFoundError: Input file not found: data/puffin.parquet
